2021-09-05 18:33:55,956 DEBUG    root            Loaded Command Group: ['gcloud', 'compute']
2021-09-05 18:33:55,975 DEBUG    root            Loaded Command Group: ['gcloud', 'compute', 'machine_types']
2021-09-05 18:33:56,037 DEBUG    root            Loaded Command Group: ['gcloud', 'compute', 'machine-types', 'describe']
2021-09-05 18:33:56,063 DEBUG    root            Running [gcloud.compute.machine-types.describe] with arguments: [--zone: "projects/554823497506/zones/us-west1-b", NAME: "n1-standard-4"]
2021-09-05 18:33:56,075 DEBUG    google.auth.transport.requests Making request: GET http://metadata.google.internal/computeMetadata/v1/instance/service-accounts/554823497506-compute@developer.gserviceaccount.com/?recursive=true
2021-09-05 18:33:56,077 DEBUG    urllib3.connectionpool Starting new HTTP connection (1): metadata.google.internal:80
2021-09-05 18:33:56,079 DEBUG    urllib3.connectionpool http://metadata.google.internal:80 "GET /computeMetadata/v1/instance/service-accounts/554823497506-compute@developer.gserviceaccount.com/?recursive=true HTTP/1.1" 200 155
2021-09-05 18:33:56,080 DEBUG    google.auth.transport.requests Making request: GET http://metadata.google.internal/computeMetadata/v1/instance/service-accounts/554823497506-compute@developer.gserviceaccount.com/token
2021-09-05 18:33:56,090 DEBUG    urllib3.connectionpool http://metadata.google.internal:80 "GET /computeMetadata/v1/instance/service-accounts/554823497506-compute@developer.gserviceaccount.com/token HTTP/1.1" 200 255
2021-09-05 18:33:56,103 DEBUG    google.auth.transport.requests Making request: GET http://metadata.google.internal/computeMetadata/v1/instance/service-accounts/554823497506-compute@developer.gserviceaccount.com/?recursive=true
2021-09-05 18:33:56,104 DEBUG    urllib3.connectionpool Starting new HTTP connection (1): metadata.google.internal:80
2021-09-05 18:33:56,106 DEBUG    urllib3.connectionpool http://metadata.google.internal:80 "GET /computeMetadata/v1/instance/service-accounts/554823497506-compute@developer.gserviceaccount.com/?recursive=true HTTP/1.1" 200 155
2021-09-05 18:33:56,107 DEBUG    google.auth.transport.requests Making request: GET http://metadata.google.internal/computeMetadata/v1/instance/service-accounts/554823497506-compute@developer.gserviceaccount.com/token
2021-09-05 18:33:56,109 DEBUG    urllib3.connectionpool http://metadata.google.internal:80 "GET /computeMetadata/v1/instance/service-accounts/554823497506-compute@developer.gserviceaccount.com/token HTTP/1.1" 200 255
2021-09-05 18:33:56,274 DEBUG    urllib3.connectionpool Starting new HTTPS connection (1): compute.googleapis.com:443
2021-09-05 18:33:56,413 DEBUG    urllib3.connectionpool https://compute.googleapis.com:443 "POST /batch/compute/v1 HTTP/1.1" 200 None
2021-09-05 18:33:56,416 INFO     root            Display format: "default"
2021-09-05 18:33:56,421 INFO     ___FILE_ONLY___ creationTimestamp
2021-09-05 18:33:56,421 INFO     ___FILE_ONLY___ :
2021-09-05 18:33:56,421 INFO     ___FILE_ONLY___  '
2021-09-05 18:33:56,421 INFO     ___FILE_ONLY___ 1969-12-31T16:00:00.000-08:00
2021-09-05 18:33:56,421 INFO     ___FILE_ONLY___ '
2021-09-05 18:33:56,422 INFO     ___FILE_ONLY___ 

2021-09-05 18:33:56,422 INFO     ___FILE_ONLY___ description
2021-09-05 18:33:56,422 INFO     ___FILE_ONLY___ :
2021-09-05 18:33:56,422 INFO     ___FILE_ONLY___  
2021-09-05 18:33:56,422 INFO     ___FILE_ONLY___ 4
2021-09-05 18:33:56,422 INFO     ___FILE_ONLY___  
2021-09-05 18:33:56,423 INFO     ___FILE_ONLY___ vCPUs,
2021-09-05 18:33:56,423 INFO     ___FILE_ONLY___  
2021-09-05 18:33:56,423 INFO     ___FILE_ONLY___ 15
2021-09-05 18:33:56,423 INFO     ___FILE_ONLY___  
2021-09-05 18:33:56,423 INFO     ___FILE_ONLY___ GB
2021-09-05 18:33:56,423 INFO     ___FILE_ONLY___  
2021-09-05 18:33:56,423 INFO     ___FILE_ONLY___ RAM
2021-09-05 18:33:56,423 INFO     ___FILE_ONLY___ 

2021-09-05 18:33:56,424 INFO     ___FILE_ONLY___ guestCpus
2021-09-05 18:33:56,424 INFO     ___FILE_ONLY___ :
2021-09-05 18:33:56,424 INFO     ___FILE_ONLY___  
2021-09-05 18:33:56,424 INFO     ___FILE_ONLY___ 4
2021-09-05 18:33:56,424 INFO     ___FILE_ONLY___ 

2021-09-05 18:33:56,424 INFO     ___FILE_ONLY___ id
2021-09-05 18:33:56,425 INFO     ___FILE_ONLY___ :
2021-09-05 18:33:56,425 INFO     ___FILE_ONLY___  '
2021-09-05 18:33:56,425 INFO     ___FILE_ONLY___ 3004
2021-09-05 18:33:56,425 INFO     ___FILE_ONLY___ '
2021-09-05 18:33:56,425 INFO     ___FILE_ONLY___ 

2021-09-05 18:33:56,425 INFO     ___FILE_ONLY___ imageSpaceGb
2021-09-05 18:33:56,426 INFO     ___FILE_ONLY___ :
2021-09-05 18:33:56,426 INFO     ___FILE_ONLY___  
2021-09-05 18:33:56,426 INFO     ___FILE_ONLY___ 10
2021-09-05 18:33:56,426 INFO     ___FILE_ONLY___ 

2021-09-05 18:33:56,426 INFO     ___FILE_ONLY___ isSharedCpu
2021-09-05 18:33:56,427 INFO     ___FILE_ONLY___ :
2021-09-05 18:33:56,427 INFO     ___FILE_ONLY___  
2021-09-05 18:33:56,427 INFO     ___FILE_ONLY___ false
2021-09-05 18:33:56,427 INFO     ___FILE_ONLY___ 

2021-09-05 18:33:56,427 INFO     ___FILE_ONLY___ kind
2021-09-05 18:33:56,427 INFO     ___FILE_ONLY___ :
2021-09-05 18:33:56,428 INFO     ___FILE_ONLY___  
2021-09-05 18:33:56,428 INFO     ___FILE_ONLY___ compute#machineType
2021-09-05 18:33:56,428 INFO     ___FILE_ONLY___ 

2021-09-05 18:33:56,428 INFO     ___FILE_ONLY___ maximumPersistentDisks
2021-09-05 18:33:56,428 INFO     ___FILE_ONLY___ :
2021-09-05 18:33:56,428 INFO     ___FILE_ONLY___  
2021-09-05 18:33:56,429 INFO     ___FILE_ONLY___ 128
2021-09-05 18:33:56,429 INFO     ___FILE_ONLY___ 

2021-09-05 18:33:56,429 INFO     ___FILE_ONLY___ maximumPersistentDisksSizeGb
2021-09-05 18:33:56,429 INFO     ___FILE_ONLY___ :
2021-09-05 18:33:56,429 INFO     ___FILE_ONLY___  '
2021-09-05 18:33:56,429 INFO     ___FILE_ONLY___ 263168
2021-09-05 18:33:56,430 INFO     ___FILE_ONLY___ '
2021-09-05 18:33:56,430 INFO     ___FILE_ONLY___ 

2021-09-05 18:33:56,430 INFO     ___FILE_ONLY___ memoryMb
2021-09-05 18:33:56,430 INFO     ___FILE_ONLY___ :
2021-09-05 18:33:56,430 INFO     ___FILE_ONLY___  
2021-09-05 18:33:56,430 INFO     ___FILE_ONLY___ 15360
2021-09-05 18:33:56,431 INFO     ___FILE_ONLY___ 

2021-09-05 18:33:56,431 INFO     ___FILE_ONLY___ name
2021-09-05 18:33:56,431 INFO     ___FILE_ONLY___ :
2021-09-05 18:33:56,431 INFO     ___FILE_ONLY___  
2021-09-05 18:33:56,432 INFO     ___FILE_ONLY___ n1-standard-4
2021-09-05 18:33:56,432 INFO     ___FILE_ONLY___ 

2021-09-05 18:33:56,432 INFO     ___FILE_ONLY___ selfLink
2021-09-05 18:33:56,432 INFO     ___FILE_ONLY___ :
2021-09-05 18:33:56,432 INFO     ___FILE_ONLY___  
2021-09-05 18:33:56,433 INFO     ___FILE_ONLY___ https://www.googleapis.com/compute/v1/projects/prefab-backbone-298023/zones/us-west1-b/machineTypes/n1-standard-4
2021-09-05 18:33:56,433 INFO     ___FILE_ONLY___ 

2021-09-05 18:33:56,433 INFO     ___FILE_ONLY___ zone
2021-09-05 18:33:56,433 INFO     ___FILE_ONLY___ :
2021-09-05 18:33:56,433 INFO     ___FILE_ONLY___  
2021-09-05 18:33:56,433 INFO     ___FILE_ONLY___ us-west1-b
2021-09-05 18:33:56,434 INFO     ___FILE_ONLY___ 

2021-09-05 18:33:56,435 DEBUG    root            SDK update checks are disabled.
