2021-06-19 22:36:12,418 DEBUG    root            Loaded Command Group: ['gcloud', 'compute']
2021-06-19 22:36:12,468 DEBUG    root            Loaded Command Group: ['gcloud', 'compute', 'machine_types']
2021-06-19 22:36:12,541 DEBUG    root            Loaded Command Group: ['gcloud', 'compute', 'machine-types', 'describe']
2021-06-19 22:36:12,560 DEBUG    root            Running [gcloud.compute.machine-types.describe] with arguments: [--zone: "projects/554823497506/zones/us-west1-b", NAME: "n1-standard-4"]
2021-06-19 22:36:12,574 DEBUG    google.auth.transport.requests Making request: GET http://metadata.google.internal/computeMetadata/v1/instance/service-accounts/554823497506-compute@developer.gserviceaccount.com/?recursive=true
2021-06-19 22:36:12,576 DEBUG    urllib3.connectionpool Starting new HTTP connection (1): metadata.google.internal:80
2021-06-19 22:36:12,579 DEBUG    urllib3.connectionpool http://metadata.google.internal:80 "GET /computeMetadata/v1/instance/service-accounts/554823497506-compute@developer.gserviceaccount.com/?recursive=true HTTP/1.1" 200 155
2021-06-19 22:36:12,579 DEBUG    google.auth.transport.requests Making request: GET http://metadata.google.internal/computeMetadata/v1/instance/service-accounts/554823497506-compute@developer.gserviceaccount.com/token
2021-06-19 22:36:12,591 DEBUG    urllib3.connectionpool http://metadata.google.internal:80 "GET /computeMetadata/v1/instance/service-accounts/554823497506-compute@developer.gserviceaccount.com/token HTTP/1.1" 200 248
2021-06-19 22:36:12,610 DEBUG    google.auth.transport.requests Making request: GET http://metadata.google.internal/computeMetadata/v1/instance/service-accounts/554823497506-compute@developer.gserviceaccount.com/?recursive=true
2021-06-19 22:36:12,612 DEBUG    urllib3.connectionpool Starting new HTTP connection (1): metadata.google.internal:80
2021-06-19 22:36:12,614 DEBUG    urllib3.connectionpool http://metadata.google.internal:80 "GET /computeMetadata/v1/instance/service-accounts/554823497506-compute@developer.gserviceaccount.com/?recursive=true HTTP/1.1" 200 155
2021-06-19 22:36:12,615 DEBUG    google.auth.transport.requests Making request: GET http://metadata.google.internal/computeMetadata/v1/instance/service-accounts/554823497506-compute@developer.gserviceaccount.com/token
2021-06-19 22:36:12,618 DEBUG    urllib3.connectionpool http://metadata.google.internal:80 "GET /computeMetadata/v1/instance/service-accounts/554823497506-compute@developer.gserviceaccount.com/token HTTP/1.1" 200 248
2021-06-19 22:36:12,822 DEBUG    urllib3.connectionpool Starting new HTTPS connection (1): compute.googleapis.com:443
2021-06-19 22:36:12,953 DEBUG    urllib3.connectionpool https://compute.googleapis.com:443 "POST /batch/compute/v1 HTTP/1.1" 200 None
2021-06-19 22:36:12,955 INFO     root            Display format: "default"
2021-06-19 22:36:12,958 INFO     ___FILE_ONLY___ creationTimestamp
2021-06-19 22:36:12,958 INFO     ___FILE_ONLY___ :
2021-06-19 22:36:12,958 INFO     ___FILE_ONLY___  '
2021-06-19 22:36:12,959 INFO     ___FILE_ONLY___ 1969-12-31T16:00:00.000-08:00
2021-06-19 22:36:12,959 INFO     ___FILE_ONLY___ '
2021-06-19 22:36:12,959 INFO     ___FILE_ONLY___ 

2021-06-19 22:36:12,959 INFO     ___FILE_ONLY___ description
2021-06-19 22:36:12,959 INFO     ___FILE_ONLY___ :
2021-06-19 22:36:12,959 INFO     ___FILE_ONLY___  
2021-06-19 22:36:12,959 INFO     ___FILE_ONLY___ 4
2021-06-19 22:36:12,959 INFO     ___FILE_ONLY___  
2021-06-19 22:36:12,959 INFO     ___FILE_ONLY___ vCPUs,
2021-06-19 22:36:12,959 INFO     ___FILE_ONLY___  
2021-06-19 22:36:12,959 INFO     ___FILE_ONLY___ 15
2021-06-19 22:36:12,959 INFO     ___FILE_ONLY___  
2021-06-19 22:36:12,960 INFO     ___FILE_ONLY___ GB
2021-06-19 22:36:12,960 INFO     ___FILE_ONLY___  
2021-06-19 22:36:12,960 INFO     ___FILE_ONLY___ RAM
2021-06-19 22:36:12,960 INFO     ___FILE_ONLY___ 

2021-06-19 22:36:12,960 INFO     ___FILE_ONLY___ guestCpus
2021-06-19 22:36:12,960 INFO     ___FILE_ONLY___ :
2021-06-19 22:36:12,960 INFO     ___FILE_ONLY___  
2021-06-19 22:36:12,960 INFO     ___FILE_ONLY___ 4
2021-06-19 22:36:12,961 INFO     ___FILE_ONLY___ 

2021-06-19 22:36:12,961 INFO     ___FILE_ONLY___ id
2021-06-19 22:36:12,961 INFO     ___FILE_ONLY___ :
2021-06-19 22:36:12,961 INFO     ___FILE_ONLY___  '
2021-06-19 22:36:12,961 INFO     ___FILE_ONLY___ 3004
2021-06-19 22:36:12,961 INFO     ___FILE_ONLY___ '
2021-06-19 22:36:12,961 INFO     ___FILE_ONLY___ 

2021-06-19 22:36:12,961 INFO     ___FILE_ONLY___ imageSpaceGb
2021-06-19 22:36:12,961 INFO     ___FILE_ONLY___ :
2021-06-19 22:36:12,961 INFO     ___FILE_ONLY___  
2021-06-19 22:36:12,962 INFO     ___FILE_ONLY___ 10
2021-06-19 22:36:12,962 INFO     ___FILE_ONLY___ 

2021-06-19 22:36:12,962 INFO     ___FILE_ONLY___ isSharedCpu
2021-06-19 22:36:12,962 INFO     ___FILE_ONLY___ :
2021-06-19 22:36:12,962 INFO     ___FILE_ONLY___  
2021-06-19 22:36:12,962 INFO     ___FILE_ONLY___ false
2021-06-19 22:36:12,963 INFO     ___FILE_ONLY___ 

2021-06-19 22:36:12,963 INFO     ___FILE_ONLY___ kind
2021-06-19 22:36:12,963 INFO     ___FILE_ONLY___ :
2021-06-19 22:36:12,963 INFO     ___FILE_ONLY___  
2021-06-19 22:36:12,963 INFO     ___FILE_ONLY___ compute#machineType
2021-06-19 22:36:12,963 INFO     ___FILE_ONLY___ 

2021-06-19 22:36:12,963 INFO     ___FILE_ONLY___ maximumPersistentDisks
2021-06-19 22:36:12,964 INFO     ___FILE_ONLY___ :
2021-06-19 22:36:12,964 INFO     ___FILE_ONLY___  
2021-06-19 22:36:12,964 INFO     ___FILE_ONLY___ 128
2021-06-19 22:36:12,964 INFO     ___FILE_ONLY___ 

2021-06-19 22:36:12,964 INFO     ___FILE_ONLY___ maximumPersistentDisksSizeGb
2021-06-19 22:36:12,964 INFO     ___FILE_ONLY___ :
2021-06-19 22:36:12,964 INFO     ___FILE_ONLY___  '
2021-06-19 22:36:12,965 INFO     ___FILE_ONLY___ 263168
2021-06-19 22:36:12,965 INFO     ___FILE_ONLY___ '
2021-06-19 22:36:12,965 INFO     ___FILE_ONLY___ 

2021-06-19 22:36:12,965 INFO     ___FILE_ONLY___ memoryMb
2021-06-19 22:36:12,965 INFO     ___FILE_ONLY___ :
2021-06-19 22:36:12,965 INFO     ___FILE_ONLY___  
2021-06-19 22:36:12,965 INFO     ___FILE_ONLY___ 15360
2021-06-19 22:36:12,966 INFO     ___FILE_ONLY___ 

2021-06-19 22:36:12,966 INFO     ___FILE_ONLY___ name
2021-06-19 22:36:12,966 INFO     ___FILE_ONLY___ :
2021-06-19 22:36:12,966 INFO     ___FILE_ONLY___  
2021-06-19 22:36:12,966 INFO     ___FILE_ONLY___ n1-standard-4
2021-06-19 22:36:12,966 INFO     ___FILE_ONLY___ 

2021-06-19 22:36:12,967 INFO     ___FILE_ONLY___ selfLink
2021-06-19 22:36:12,967 INFO     ___FILE_ONLY___ :
2021-06-19 22:36:12,967 INFO     ___FILE_ONLY___  
2021-06-19 22:36:12,967 INFO     ___FILE_ONLY___ https://www.googleapis.com/compute/v1/projects/prefab-backbone-298023/zones/us-west1-b/machineTypes/n1-standard-4
2021-06-19 22:36:12,967 INFO     ___FILE_ONLY___ 

2021-06-19 22:36:12,967 INFO     ___FILE_ONLY___ zone
2021-06-19 22:36:12,968 INFO     ___FILE_ONLY___ :
2021-06-19 22:36:12,968 INFO     ___FILE_ONLY___  
2021-06-19 22:36:12,968 INFO     ___FILE_ONLY___ us-west1-b
2021-06-19 22:36:12,968 INFO     ___FILE_ONLY___ 

2021-06-19 22:36:12,968 DEBUG    root            SDK update checks are disabled.
