2021-08-12 04:57:12,494 DEBUG    root            Loaded Command Group: ['gcloud', 'compute']
2021-08-12 04:57:12,549 DEBUG    root            Loaded Command Group: ['gcloud', 'compute', 'machine_types']
2021-08-12 04:57:12,613 DEBUG    root            Loaded Command Group: ['gcloud', 'compute', 'machine-types', 'describe']
2021-08-12 04:57:12,642 DEBUG    root            Running [gcloud.compute.machine-types.describe] with arguments: [--zone: "projects/554823497506/zones/us-west1-b", NAME: "n1-standard-4"]
2021-08-12 04:57:12,659 DEBUG    google.auth.transport.requests Making request: GET http://metadata.google.internal/computeMetadata/v1/instance/service-accounts/554823497506-compute@developer.gserviceaccount.com/?recursive=true
2021-08-12 04:57:12,663 DEBUG    urllib3.connectionpool Starting new HTTP connection (1): metadata.google.internal:80
2021-08-12 04:57:12,666 DEBUG    urllib3.connectionpool http://metadata.google.internal:80 "GET /computeMetadata/v1/instance/service-accounts/554823497506-compute@developer.gserviceaccount.com/?recursive=true HTTP/1.1" 200 155
2021-08-12 04:57:12,667 DEBUG    google.auth.transport.requests Making request: GET http://metadata.google.internal/computeMetadata/v1/instance/service-accounts/554823497506-compute@developer.gserviceaccount.com/token
2021-08-12 04:57:12,680 DEBUG    urllib3.connectionpool http://metadata.google.internal:80 "GET /computeMetadata/v1/instance/service-accounts/554823497506-compute@developer.gserviceaccount.com/token HTTP/1.1" 200 258
2021-08-12 04:57:12,699 DEBUG    google.auth.transport.requests Making request: GET http://metadata.google.internal/computeMetadata/v1/instance/service-accounts/554823497506-compute@developer.gserviceaccount.com/?recursive=true
2021-08-12 04:57:12,702 DEBUG    urllib3.connectionpool Starting new HTTP connection (1): metadata.google.internal:80
2021-08-12 04:57:12,705 DEBUG    urllib3.connectionpool http://metadata.google.internal:80 "GET /computeMetadata/v1/instance/service-accounts/554823497506-compute@developer.gserviceaccount.com/?recursive=true HTTP/1.1" 200 155
2021-08-12 04:57:12,706 DEBUG    google.auth.transport.requests Making request: GET http://metadata.google.internal/computeMetadata/v1/instance/service-accounts/554823497506-compute@developer.gserviceaccount.com/token
2021-08-12 04:57:12,710 DEBUG    urllib3.connectionpool http://metadata.google.internal:80 "GET /computeMetadata/v1/instance/service-accounts/554823497506-compute@developer.gserviceaccount.com/token HTTP/1.1" 200 258
2021-08-12 04:57:12,979 DEBUG    urllib3.connectionpool Starting new HTTPS connection (1): compute.googleapis.com:443
2021-08-12 04:57:13,144 DEBUG    urllib3.connectionpool https://compute.googleapis.com:443 "POST /batch/compute/v1 HTTP/1.1" 200 None
2021-08-12 04:57:13,147 INFO     root            Display format: "default"
2021-08-12 04:57:13,151 INFO     ___FILE_ONLY___ creationTimestamp
2021-08-12 04:57:13,152 INFO     ___FILE_ONLY___ :
2021-08-12 04:57:13,152 INFO     ___FILE_ONLY___  '
2021-08-12 04:57:13,152 INFO     ___FILE_ONLY___ 1969-12-31T16:00:00.000-08:00
2021-08-12 04:57:13,152 INFO     ___FILE_ONLY___ '
2021-08-12 04:57:13,152 INFO     ___FILE_ONLY___ 

2021-08-12 04:57:13,153 INFO     ___FILE_ONLY___ description
2021-08-12 04:57:13,153 INFO     ___FILE_ONLY___ :
2021-08-12 04:57:13,153 INFO     ___FILE_ONLY___  
2021-08-12 04:57:13,153 INFO     ___FILE_ONLY___ 4
2021-08-12 04:57:13,153 INFO     ___FILE_ONLY___  
2021-08-12 04:57:13,153 INFO     ___FILE_ONLY___ vCPUs,
2021-08-12 04:57:13,153 INFO     ___FILE_ONLY___  
2021-08-12 04:57:13,154 INFO     ___FILE_ONLY___ 15
2021-08-12 04:57:13,154 INFO     ___FILE_ONLY___  
2021-08-12 04:57:13,154 INFO     ___FILE_ONLY___ GB
2021-08-12 04:57:13,154 INFO     ___FILE_ONLY___  
2021-08-12 04:57:13,154 INFO     ___FILE_ONLY___ RAM
2021-08-12 04:57:13,154 INFO     ___FILE_ONLY___ 

2021-08-12 04:57:13,154 INFO     ___FILE_ONLY___ guestCpus
2021-08-12 04:57:13,154 INFO     ___FILE_ONLY___ :
2021-08-12 04:57:13,155 INFO     ___FILE_ONLY___  
2021-08-12 04:57:13,155 INFO     ___FILE_ONLY___ 4
2021-08-12 04:57:13,155 INFO     ___FILE_ONLY___ 

2021-08-12 04:57:13,155 INFO     ___FILE_ONLY___ id
2021-08-12 04:57:13,155 INFO     ___FILE_ONLY___ :
2021-08-12 04:57:13,155 INFO     ___FILE_ONLY___  '
2021-08-12 04:57:13,156 INFO     ___FILE_ONLY___ 3004
2021-08-12 04:57:13,156 INFO     ___FILE_ONLY___ '
2021-08-12 04:57:13,156 INFO     ___FILE_ONLY___ 

2021-08-12 04:57:13,156 INFO     ___FILE_ONLY___ imageSpaceGb
2021-08-12 04:57:13,156 INFO     ___FILE_ONLY___ :
2021-08-12 04:57:13,156 INFO     ___FILE_ONLY___  
2021-08-12 04:57:13,157 INFO     ___FILE_ONLY___ 10
2021-08-12 04:57:13,157 INFO     ___FILE_ONLY___ 

2021-08-12 04:57:13,157 INFO     ___FILE_ONLY___ isSharedCpu
2021-08-12 04:57:13,157 INFO     ___FILE_ONLY___ :
2021-08-12 04:57:13,158 INFO     ___FILE_ONLY___  
2021-08-12 04:57:13,158 INFO     ___FILE_ONLY___ false
2021-08-12 04:57:13,158 INFO     ___FILE_ONLY___ 

2021-08-12 04:57:13,158 INFO     ___FILE_ONLY___ kind
2021-08-12 04:57:13,158 INFO     ___FILE_ONLY___ :
2021-08-12 04:57:13,158 INFO     ___FILE_ONLY___  
2021-08-12 04:57:13,158 INFO     ___FILE_ONLY___ compute#machineType
2021-08-12 04:57:13,159 INFO     ___FILE_ONLY___ 

2021-08-12 04:57:13,159 INFO     ___FILE_ONLY___ maximumPersistentDisks
2021-08-12 04:57:13,159 INFO     ___FILE_ONLY___ :
2021-08-12 04:57:13,159 INFO     ___FILE_ONLY___  
2021-08-12 04:57:13,159 INFO     ___FILE_ONLY___ 128
2021-08-12 04:57:13,160 INFO     ___FILE_ONLY___ 

2021-08-12 04:57:13,160 INFO     ___FILE_ONLY___ maximumPersistentDisksSizeGb
2021-08-12 04:57:13,160 INFO     ___FILE_ONLY___ :
2021-08-12 04:57:13,160 INFO     ___FILE_ONLY___  '
2021-08-12 04:57:13,160 INFO     ___FILE_ONLY___ 263168
2021-08-12 04:57:13,160 INFO     ___FILE_ONLY___ '
2021-08-12 04:57:13,161 INFO     ___FILE_ONLY___ 

2021-08-12 04:57:13,161 INFO     ___FILE_ONLY___ memoryMb
2021-08-12 04:57:13,161 INFO     ___FILE_ONLY___ :
2021-08-12 04:57:13,161 INFO     ___FILE_ONLY___  
2021-08-12 04:57:13,161 INFO     ___FILE_ONLY___ 15360
2021-08-12 04:57:13,162 INFO     ___FILE_ONLY___ 

2021-08-12 04:57:13,162 INFO     ___FILE_ONLY___ name
2021-08-12 04:57:13,162 INFO     ___FILE_ONLY___ :
2021-08-12 04:57:13,162 INFO     ___FILE_ONLY___  
2021-08-12 04:57:13,163 INFO     ___FILE_ONLY___ n1-standard-4
2021-08-12 04:57:13,163 INFO     ___FILE_ONLY___ 

2021-08-12 04:57:13,163 INFO     ___FILE_ONLY___ selfLink
2021-08-12 04:57:13,163 INFO     ___FILE_ONLY___ :
2021-08-12 04:57:13,163 INFO     ___FILE_ONLY___  
2021-08-12 04:57:13,164 INFO     ___FILE_ONLY___ https://www.googleapis.com/compute/v1/projects/prefab-backbone-298023/zones/us-west1-b/machineTypes/n1-standard-4
2021-08-12 04:57:13,164 INFO     ___FILE_ONLY___ 

2021-08-12 04:57:13,164 INFO     ___FILE_ONLY___ zone
2021-08-12 04:57:13,164 INFO     ___FILE_ONLY___ :
2021-08-12 04:57:13,165 INFO     ___FILE_ONLY___  
2021-08-12 04:57:13,165 INFO     ___FILE_ONLY___ us-west1-b
2021-08-12 04:57:13,165 INFO     ___FILE_ONLY___ 

2021-08-12 04:57:13,166 DEBUG    root            SDK update checks are disabled.
