2021-06-18 22:56:31,399 DEBUG    root            Loaded Command Group: ['gcloud', 'compute']
2021-06-18 22:56:31,401 DEBUG    root            Loaded Command Group: ['gcloud', 'compute', 'machine_types']
2021-06-18 22:56:31,408 DEBUG    root            Loaded Command Group: ['gcloud', 'compute', 'machine-types', 'describe']
2021-06-18 22:56:31,419 DEBUG    root            Running [gcloud.compute.machine-types.describe] with arguments: [--zone: "projects/554823497506/zones/us-west1-b", NAME: "n1-standard-4"]
2021-06-18 22:56:31,434 DEBUG    google.auth.transport.requests Making request: GET http://metadata.google.internal/computeMetadata/v1/instance/service-accounts/554823497506-compute@developer.gserviceaccount.com/?recursive=true
2021-06-18 22:56:31,436 DEBUG    urllib3.connectionpool Starting new HTTP connection (1): metadata.google.internal:80
2021-06-18 22:56:31,439 DEBUG    urllib3.connectionpool http://metadata.google.internal:80 "GET /computeMetadata/v1/instance/service-accounts/554823497506-compute@developer.gserviceaccount.com/?recursive=true HTTP/1.1" 200 155
2021-06-18 22:56:31,440 DEBUG    google.auth.transport.requests Making request: GET http://metadata.google.internal/computeMetadata/v1/instance/service-accounts/554823497506-compute@developer.gserviceaccount.com/token
2021-06-18 22:56:31,444 DEBUG    urllib3.connectionpool http://metadata.google.internal:80 "GET /computeMetadata/v1/instance/service-accounts/554823497506-compute@developer.gserviceaccount.com/token HTTP/1.1" 200 250
2021-06-18 22:56:31,460 DEBUG    google.auth.transport.requests Making request: GET http://metadata.google.internal/computeMetadata/v1/instance/service-accounts/554823497506-compute@developer.gserviceaccount.com/?recursive=true
2021-06-18 22:56:31,461 DEBUG    urllib3.connectionpool Starting new HTTP connection (1): metadata.google.internal:80
2021-06-18 22:56:31,464 DEBUG    urllib3.connectionpool http://metadata.google.internal:80 "GET /computeMetadata/v1/instance/service-accounts/554823497506-compute@developer.gserviceaccount.com/?recursive=true HTTP/1.1" 200 155
2021-06-18 22:56:31,465 DEBUG    google.auth.transport.requests Making request: GET http://metadata.google.internal/computeMetadata/v1/instance/service-accounts/554823497506-compute@developer.gserviceaccount.com/token
2021-06-18 22:56:31,469 DEBUG    urllib3.connectionpool http://metadata.google.internal:80 "GET /computeMetadata/v1/instance/service-accounts/554823497506-compute@developer.gserviceaccount.com/token HTTP/1.1" 200 250
2021-06-18 22:56:31,642 DEBUG    urllib3.connectionpool Starting new HTTPS connection (1): compute.googleapis.com:443
2021-06-18 22:56:31,763 DEBUG    urllib3.connectionpool https://compute.googleapis.com:443 "POST /batch/compute/v1 HTTP/1.1" 200 None
2021-06-18 22:56:31,765 INFO     root            Display format: "default"
2021-06-18 22:56:31,768 INFO     ___FILE_ONLY___ creationTimestamp
2021-06-18 22:56:31,768 INFO     ___FILE_ONLY___ :
2021-06-18 22:56:31,768 INFO     ___FILE_ONLY___  '
2021-06-18 22:56:31,768 INFO     ___FILE_ONLY___ 1969-12-31T16:00:00.000-08:00
2021-06-18 22:56:31,768 INFO     ___FILE_ONLY___ '
2021-06-18 22:56:31,769 INFO     ___FILE_ONLY___ 

2021-06-18 22:56:31,769 INFO     ___FILE_ONLY___ description
2021-06-18 22:56:31,769 INFO     ___FILE_ONLY___ :
2021-06-18 22:56:31,769 INFO     ___FILE_ONLY___  
2021-06-18 22:56:31,769 INFO     ___FILE_ONLY___ 4
2021-06-18 22:56:31,769 INFO     ___FILE_ONLY___  
2021-06-18 22:56:31,769 INFO     ___FILE_ONLY___ vCPUs,
2021-06-18 22:56:31,769 INFO     ___FILE_ONLY___  
2021-06-18 22:56:31,769 INFO     ___FILE_ONLY___ 15
2021-06-18 22:56:31,769 INFO     ___FILE_ONLY___  
2021-06-18 22:56:31,769 INFO     ___FILE_ONLY___ GB
2021-06-18 22:56:31,769 INFO     ___FILE_ONLY___  
2021-06-18 22:56:31,769 INFO     ___FILE_ONLY___ RAM
2021-06-18 22:56:31,769 INFO     ___FILE_ONLY___ 

2021-06-18 22:56:31,770 INFO     ___FILE_ONLY___ guestCpus
2021-06-18 22:56:31,770 INFO     ___FILE_ONLY___ :
2021-06-18 22:56:31,770 INFO     ___FILE_ONLY___  
2021-06-18 22:56:31,770 INFO     ___FILE_ONLY___ 4
2021-06-18 22:56:31,770 INFO     ___FILE_ONLY___ 

2021-06-18 22:56:31,770 INFO     ___FILE_ONLY___ id
2021-06-18 22:56:31,770 INFO     ___FILE_ONLY___ :
2021-06-18 22:56:31,770 INFO     ___FILE_ONLY___  '
2021-06-18 22:56:31,770 INFO     ___FILE_ONLY___ 3004
2021-06-18 22:56:31,770 INFO     ___FILE_ONLY___ '
2021-06-18 22:56:31,770 INFO     ___FILE_ONLY___ 

2021-06-18 22:56:31,770 INFO     ___FILE_ONLY___ imageSpaceGb
2021-06-18 22:56:31,770 INFO     ___FILE_ONLY___ :
2021-06-18 22:56:31,771 INFO     ___FILE_ONLY___  
2021-06-18 22:56:31,771 INFO     ___FILE_ONLY___ 10
2021-06-18 22:56:31,771 INFO     ___FILE_ONLY___ 

2021-06-18 22:56:31,771 INFO     ___FILE_ONLY___ isSharedCpu
2021-06-18 22:56:31,771 INFO     ___FILE_ONLY___ :
2021-06-18 22:56:31,771 INFO     ___FILE_ONLY___  
2021-06-18 22:56:31,771 INFO     ___FILE_ONLY___ false
2021-06-18 22:56:31,771 INFO     ___FILE_ONLY___ 

2021-06-18 22:56:31,771 INFO     ___FILE_ONLY___ kind
2021-06-18 22:56:31,771 INFO     ___FILE_ONLY___ :
2021-06-18 22:56:31,772 INFO     ___FILE_ONLY___  
2021-06-18 22:56:31,772 INFO     ___FILE_ONLY___ compute#machineType
2021-06-18 22:56:31,772 INFO     ___FILE_ONLY___ 

2021-06-18 22:56:31,772 INFO     ___FILE_ONLY___ maximumPersistentDisks
2021-06-18 22:56:31,772 INFO     ___FILE_ONLY___ :
2021-06-18 22:56:31,772 INFO     ___FILE_ONLY___  
2021-06-18 22:56:31,772 INFO     ___FILE_ONLY___ 128
2021-06-18 22:56:31,772 INFO     ___FILE_ONLY___ 

2021-06-18 22:56:31,772 INFO     ___FILE_ONLY___ maximumPersistentDisksSizeGb
2021-06-18 22:56:31,772 INFO     ___FILE_ONLY___ :
2021-06-18 22:56:31,772 INFO     ___FILE_ONLY___  '
2021-06-18 22:56:31,772 INFO     ___FILE_ONLY___ 263168
2021-06-18 22:56:31,773 INFO     ___FILE_ONLY___ '
2021-06-18 22:56:31,773 INFO     ___FILE_ONLY___ 

2021-06-18 22:56:31,773 INFO     ___FILE_ONLY___ memoryMb
2021-06-18 22:56:31,773 INFO     ___FILE_ONLY___ :
2021-06-18 22:56:31,773 INFO     ___FILE_ONLY___  
2021-06-18 22:56:31,773 INFO     ___FILE_ONLY___ 15360
2021-06-18 22:56:31,773 INFO     ___FILE_ONLY___ 

2021-06-18 22:56:31,773 INFO     ___FILE_ONLY___ name
2021-06-18 22:56:31,773 INFO     ___FILE_ONLY___ :
2021-06-18 22:56:31,774 INFO     ___FILE_ONLY___  
2021-06-18 22:56:31,774 INFO     ___FILE_ONLY___ n1-standard-4
2021-06-18 22:56:31,774 INFO     ___FILE_ONLY___ 

2021-06-18 22:56:31,774 INFO     ___FILE_ONLY___ selfLink
2021-06-18 22:56:31,774 INFO     ___FILE_ONLY___ :
2021-06-18 22:56:31,774 INFO     ___FILE_ONLY___  
2021-06-18 22:56:31,774 INFO     ___FILE_ONLY___ https://www.googleapis.com/compute/v1/projects/prefab-backbone-298023/zones/us-west1-b/machineTypes/n1-standard-4
2021-06-18 22:56:31,774 INFO     ___FILE_ONLY___ 

2021-06-18 22:56:31,774 INFO     ___FILE_ONLY___ zone
2021-06-18 22:56:31,774 INFO     ___FILE_ONLY___ :
2021-06-18 22:56:31,774 INFO     ___FILE_ONLY___  
2021-06-18 22:56:31,775 INFO     ___FILE_ONLY___ us-west1-b
2021-06-18 22:56:31,775 INFO     ___FILE_ONLY___ 

2021-06-18 22:56:31,775 DEBUG    root            SDK update checks are disabled.
